TN:
SF:index.js
FNF:0
FNH:0
DA:1,1
DA:2,1
DA:3,1
DA:5,1
DA:6,1
DA:8,1
LF:6
LH:6
BRF:0
BRH:0
end_of_record
TN:
SF:src/redis/config.js
FN:4,(anonymous_0)
FN:8,(anonymous_1)
FNF:2
FNH:1
FNDA:1,(anonymous_0)
FNDA:0,(anonymous_1)
DA:1,1
DA:2,1
DA:4,1
DA:5,1
DA:8,1
DA:9,0
DA:12,1
DA:13,1
DA:15,1
DA:20,1
LF:10
LH:9
BRF:0
BRH:0
end_of_record
TN:
SF:src/router/routes.js
FN:5,(anonymous_0)
FN:9,(anonymous_1)
FN:12,(anonymous_2)
FNF:3
FNH:2
FNDA:1,(anonymous_0)
FNDA:2,(anonymous_1)
FNDA:0,(anonymous_2)
DA:1,1
DA:2,1
DA:3,1
DA:5,1
DA:6,1
DA:9,1
DA:10,2
DA:12,2
DA:13,0
DA:16,2
DA:17,1
DA:20,1
DA:25,1
LF:13
LH:12
BRDA:13,0,0,0
BRDA:13,0,1,0
BRDA:16,1,0,1
BRDA:16,1,1,1
BRF:4
BRH:2
end_of_record
